[handleMsg]:  {
  key: {
    remoteJid: '559584109615@s.whatsapp.net',
    fromMe: false,
    id: '3EB036D21F456FDA352B98',
    participant: undefined
  },
  messageTimestamp: 1682334461,
  pushName: 'Nico',
  message: Message {
    conversation: 'oi',
    messageContextInfo: MessageContextInfo {
      deviceListMetadata: [DeviceListMetadata],
      deviceListMetadataVersion: 2
    }
  },
  body: 'oi',
  from: '559584109615'
}
[handleMsg]:  {
  key: {
    remoteJid: '559584109615@s.whatsapp.net',
    fromMe: false,
    id: '3EB0C488389F57487F466E',
    participant: undefined
  },
  messageTimestamp: 1682334465,
  pushName: 'Nico',
  message: Message {
    conversation: 'nico',
    messageContextInfo: MessageContextInfo {
      deviceListMetadata: [DeviceListMetadata],
      deviceListMetadataVersion: 2
    }
  },
  body: 'nico',
  from: '559584109615'
}
[handleMsg]:  {
  key: {
    remoteJid: '559584109615@s.whatsapp.net',
    fromMe: false,
    id: '3EB05D9F6AAD7F4F30AD98',
    participant: undefined
  },
  messageTimestamp: 1682334469,
  pushName: 'Nico',
  message: Message {
    messageContextInfo: MessageContextInfo {
      deviceListMetadata: [DeviceListMetadata],
      deviceListMetadataVersion: 2
    },
    buttonsResponseMessage: ButtonsResponseMessage {
      selectedButtonId: 'id-btn-0',
      selectedDisplayText: 'Quero fazer um orçamento',
      contextInfo: [ContextInfo],
      type: 1
    }
  },
  body: 'Quero fazer um orçamento',
  from: '559584109615'
}
[handleMsg]:  {
  key: {
    remoteJid: '559584109615@s.whatsapp.net',
    fromMe: false,
    id: '3EB0BCC10DBD1482B91B50',
    participant: undefined
  },
  messageTimestamp: 1682334477,
  pushName: 'Nico',
  message: Message {
    conversation: '12/12/2012',
    messageContextInfo: MessageContextInfo {
      deviceListMetadata: [DeviceListMetadata],
      deviceListMetadataVersion: 2
    }
  },
  body: '12/12/2012',
  from: '559584109615'
}
[handleMsg]:  {
  key: {
    remoteJid: '559584109615@s.whatsapp.net',
    fromMe: false,
    id: '3EB0C9C303892C09E66A92',
    participant: undefined
  },
  messageTimestamp: 1682334482,
  pushName: 'Nico',
  message: Message {
    conversation: '30',
    messageContextInfo: MessageContextInfo {
      deviceListMetadata: [DeviceListMetadata],
      deviceListMetadataVersion: 2
    }
  },
  body: '30',
  from: '559584109615'
}
[handleMsg]:  {
  key: {
    remoteJid: '559584109615@s.whatsapp.net',
    fromMe: false,
    id: '3EB01C35CE555B0EFE7BC4',
    participant: undefined
  },
  messageTimestamp: 1682334488,
  pushName: 'Nico',
  message: Message {
    conversation: '4',
    messageContextInfo: MessageContextInfo {
      deviceListMetadata: [DeviceListMetadata],
      deviceListMetadataVersion: 2
    }
  },
  body: '4',
  from: '559584109615'
}
[handleMsg]:  {
  key: {
    remoteJid: '559584109615@s.whatsapp.net',
    fromMe: false,
    id: '3EB055C1FDF4201BF85D66',
    participant: undefined
  },
  messageTimestamp: 1682334499,
  pushName: 'Nico',
  message: Message {
    conversation: 'gin',
    messageContextInfo: MessageContextInfo {
      deviceListMetadata: [DeviceListMetadata],
      deviceListMetadataVersion: 2
    }
  },
  body: 'gin',
  from: '559584109615'
}
